This file contains any messages produced by compilers while
running configure, to aid debugging if configure makes a mistake.

It was created by gedit configure 3.30.0, which was
generated by GNU Autoconf 2.69.  Invocation command line was

  $ ./configure --disable-spell

## --------- ##
## Platform. ##
## --------- ##

hostname = Ubuntu
uname -m = x86_64
uname -r = 6.11.0-24-generic
uname -s = Linux
uname -v = #24~24.04.1-Ubuntu SMP PREEMPT_DYNAMIC Tue Mar 25 20:14:34 UTC 2

/usr/bin/uname -p = x86_64
/bin/uname -X     = unknown

/bin/arch              = x86_64
/usr/bin/arch -k       = unknown
/usr/convex/getsysinfo = unknown
/usr/bin/hostinfo      = unknown
/bin/machine           = unknown
/usr/bin/oslevel       = unknown
/bin/universe          = unknown

PATH: /home/suraj/.local/bin
PATH: /home/suraj/.cargo/bin
PATH: /home/suraj/.local/bin
PATH: /usr/local/sbin
PATH: /usr/local/bin
PATH: /usr/sbin
PATH: /usr/bin
PATH: /sbin
PATH: /bin
PATH: /usr/games
PATH: /usr/local/games
PATH: /snap/bin
PATH: /snap/bin


## ----------- ##
## Core tests. ##
## ----------- ##

configure:2568: checking for a BSD-compatible install
configure:2636: result: /usr/bin/install -c
configure:2647: checking whether build environment is sane
configure:2702: result: yes
configure:2853: checking for a thread-safe mkdir -p
configure:2892: result: /usr/bin/mkdir -p
configure:2899: checking for gawk
configure:2929: result: no
configure:2899: checking for mawk
configure:2915: found /usr/bin/mawk
configure:2926: result: mawk
configure:2937: checking whether make sets $(MAKE)
configure:2959: result: yes
configure:2988: checking whether make supports nested variables
configure:3005: result: yes
configure:3094: checking whether UID '1000' is supported by ustar format
configure:3097: result: yes
configure:3104: checking whether GID '1000' is supported by ustar format
configure:3107: result: yes
configure:3115: checking how to create a ustar tar archive
configure:3126: tar --version
tar (GNU tar) 1.35
Copyright (C) 2023 Free Software Foundation, Inc.
License GPLv3+: GNU GPL version 3 or later <https://gnu.org/licenses/gpl.html>.
This is free software: you are free to change and redistribute it.
There is NO WARRANTY, to the extent permitted by law.

Written by John Gilmore and Jay Fenlason.
configure:3129: $? = 0
configure:3169: tardir=conftest.dir && eval tar --format=ustar -chf - "$tardir" >conftest.tar
configure:3172: $? = 0
configure:3176: tar -xf - <conftest.tar
configure:3179: $? = 0
configure:3181: cat conftest.dir/file
GrepMe
configure:3184: $? = 0
configure:3197: result: gnutar
configure:3248: checking whether to enable maintainer-specific portions of Makefiles
configure:3257: result: yes
configure:3282: checking whether make supports nested variables
configure:3299: result: yes
configure:3360: checking for gcc
configure:3376: found /usr/bin/gcc
configure:3387: result: gcc
configure:3616: checking for C compiler version
configure:3625: gcc --version >&5
gcc (Ubuntu 13.3.0-6ubuntu2~24.04) 13.3.0
Copyright (C) 2023 Free Software Foundation, Inc.
This is free software; see the source for copying conditions.  There is NO
warranty; not even for MERCHANTABILITY or FITNESS FOR A PARTICULAR PURPOSE.

configure:3636: $? = 0
configure:3625: gcc -v >&5
Using built-in specs.
COLLECT_GCC=gcc
COLLECT_LTO_WRAPPER=/usr/libexec/gcc/x86_64-linux-gnu/13/lto-wrapper
OFFLOAD_TARGET_NAMES=nvptx-none:amdgcn-amdhsa
OFFLOAD_TARGET_DEFAULT=1
Target: x86_64-linux-gnu
Configured with: ../src/configure -v --with-pkgversion='Ubuntu 13.3.0-6ubuntu2~24.04' --with-bugurl=file:///usr/share/doc/gcc-13/README.Bugs --enable-languages=c,ada,c++,go,d,fortran,objc,obj-c++,m2 --prefix=/usr --with-gcc-major-version-only --program-suffix=-13 --program-prefix=x86_64-linux-gnu- --enable-shared --enable-linker-build-id --libexecdir=/usr/libexec --without-included-gettext --enable-threads=posix --libdir=/usr/lib --enable-nls --enable-bootstrap --enable-clocale=gnu --enable-libstdcxx-debug --enable-libstdcxx-time=yes --with-default-libstdcxx-abi=new --enable-libstdcxx-backtrace --enable-gnu-unique-object --disable-vtable-verify --enable-plugin --enable-default-pie --with-system-zlib --enable-libphobos-checking=release --with-target-system-zlib=auto --enable-objc-gc=auto --enable-multiarch --disable-werror --enable-cet --with-arch-32=i686 --with-abi=m64 --with-multilib-list=m32,m64,mx32 --enable-multilib --with-tune=generic --enable-offload-targets=nvptx-none=/build/gcc-13-fG75Ri/gcc-13-13.3.0/debian/tmp-nvptx/usr,amdgcn-amdhsa=/build/gcc-13-fG75Ri/gcc-13-13.3.0/debian/tmp-gcn/usr --enable-offload-defaulted --without-cuda-driver --enable-checking=release --build=x86_64-linux-gnu --host=x86_64-linux-gnu --target=x86_64-linux-gnu --with-build-config=bootstrap-lto-lean --enable-link-serialization=2
Thread model: posix
Supported LTO compression algorithms: zlib zstd
gcc version 13.3.0 (Ubuntu 13.3.0-6ubuntu2~24.04) 
... rest of stderr output deleted ...
configure:3636: $? = 0
configure:3625: gcc -V >&5
gcc: error: unrecognized command-line option '-V'
gcc: fatal error: no input files
compilation terminated.
configure:3636: $? = 1
configure:3625: gcc -qversion >&5
gcc: error: unrecognized command-line option '-qversion'; did you mean '--version'?
gcc: fatal error: no input files
compilation terminated.
configure:3636: $? = 1
configure:3656: checking whether the C compiler works
configure:3678: gcc    conftest.c  >&5
configure:3682: $? = 0
configure:3730: result: yes
configure:3733: checking for C compiler default output file name
configure:3735: result: a.out
configure:3741: checking for suffix of executables
configure:3748: gcc -o conftest    conftest.c  >&5
configure:3752: $? = 0
configure:3774: result: 
configure:3796: checking whether we are cross compiling
configure:3804: gcc -o conftest    conftest.c  >&5
configure:3808: $? = 0
configure:3815: ./conftest
configure:3819: $? = 0
configure:3834: result: no
configure:3839: checking for suffix of object files
configure:3861: gcc -c   conftest.c >&5
configure:3865: $? = 0
configure:3886: result: o
configure:3890: checking whether we are using the GNU C compiler
configure:3909: gcc -c   conftest.c >&5
configure:3909: $? = 0
configure:3918: result: yes
configure:3927: checking whether gcc accepts -g
configure:3947: gcc -c -g  conftest.c >&5
configure:3947: $? = 0
configure:3988: result: yes
configure:4005: checking for gcc option to accept ISO C89
configure:4068: gcc  -c -g -O2  conftest.c >&5
configure:4068: $? = 0
configure:4081: result: none needed
configure:4106: checking whether gcc understands -c and -o together
configure:4128: gcc -c conftest.c -o conftest2.o
configure:4131: $? = 0
configure:4128: gcc -c conftest.c -o conftest2.o
configure:4131: $? = 0
configure:4143: result: yes
configure:4163: checking whether make supports the include directive
configure:4178: make -f confmf.GNU && cat confinc.out
this is the am__doit target
configure:4181: $? = 0
configure:4200: result: yes (GNU style)
configure:4225: checking dependency style of gcc
configure:4336: result: gcc3
configure:4352: checking whether make sets $(MAKE)
configure:4374: result: yes
configure:4391: checking for special C compiler options needed for large files
configure:4436: result: no
configure:4442: checking for _FILE_OFFSET_BITS value needed for large files
configure:4467: gcc -c -g -O2  conftest.c >&5
configure:4467: $? = 0
configure:4499: result: no
configure:4638: checking for pkg-config
configure:4656: found /usr/bin/pkg-config
configure:4668: result: /usr/bin/pkg-config
configure:4693: checking pkg-config is at least version 0.9.0
configure:4696: result: yes
configure:4759: checking for gcc
configure:4775: found /usr/bin/gcc
configure:4786: result: gcc
configure:4811: checking for Objective C compiler version
configure:4820: gcc --version >&5
gcc (Ubuntu 13.3.0-6ubuntu2~24.04) 13.3.0
Copyright (C) 2023 Free Software Foundation, Inc.
This is free software; see the source for copying conditions.  There is NO
warranty; not even for MERCHANTABILITY or FITNESS FOR A PARTICULAR PURPOSE.

configure:4831: $? = 0
configure:4820: gcc -v >&5
Using built-in specs.
COLLECT_GCC=gcc
COLLECT_LTO_WRAPPER=/usr/libexec/gcc/x86_64-linux-gnu/13/lto-wrapper
OFFLOAD_TARGET_NAMES=nvptx-none:amdgcn-amdhsa
OFFLOAD_TARGET_DEFAULT=1
Target: x86_64-linux-gnu
Configured with: ../src/configure -v --with-pkgversion='Ubuntu 13.3.0-6ubuntu2~24.04' --with-bugurl=file:///usr/share/doc/gcc-13/README.Bugs --enable-languages=c,ada,c++,go,d,fortran,objc,obj-c++,m2 --prefix=/usr --with-gcc-major-version-only --program-suffix=-13 --program-prefix=x86_64-linux-gnu- --enable-shared --enable-linker-build-id --libexecdir=/usr/libexec --without-included-gettext --enable-threads=posix --libdir=/usr/lib --enable-nls --enable-bootstrap --enable-clocale=gnu --enable-libstdcxx-debug --enable-libstdcxx-time=yes --with-default-libstdcxx-abi=new --enable-libstdcxx-backtrace --enable-gnu-unique-object --disable-vtable-verify --enable-plugin --enable-default-pie --with-system-zlib --enable-libphobos-checking=release --with-target-system-zlib=auto --enable-objc-gc=auto --enable-multiarch --disable-werror --enable-cet --with-arch-32=i686 --with-abi=m64 --with-multilib-list=m32,m64,mx32 --enable-multilib --with-tune=generic --enable-offload-targets=nvptx-none=/build/gcc-13-fG75Ri/gcc-13-13.3.0/debian/tmp-nvptx/usr,amdgcn-amdhsa=/build/gcc-13-fG75Ri/gcc-13-13.3.0/debian/tmp-gcn/usr --enable-offload-defaulted --without-cuda-driver --enable-checking=release --build=x86_64-linux-gnu --host=x86_64-linux-gnu --target=x86_64-linux-gnu --with-build-config=bootstrap-lto-lean --enable-link-serialization=2
Thread model: posix
Supported LTO compression algorithms: zlib zstd
gcc version 13.3.0 (Ubuntu 13.3.0-6ubuntu2~24.04) 
... rest of stderr output deleted ...
configure:4831: $? = 0
configure:4820: gcc -V >&5
gcc: error: unrecognized command-line option '-V'
gcc: fatal error: no input files
compilation terminated.
configure:4831: $? = 1
configure:4820: gcc -qversion >&5
gcc: error: unrecognized command-line option '-qversion'; did you mean '--version'?
gcc: fatal error: no input files
compilation terminated.
configure:4831: $? = 1
configure:4835: checking whether we are using the GNU Objective C compiler
configure:4854: gcc -c   conftest.m >&5
gcc: fatal error: cannot execute 'cc1obj': execvp: No such file or directory
compilation terminated.
configure:4854: $? = 1
configure: failed program was:
| /* confdefs.h */
| #define PACKAGE_NAME "gedit"
| #define PACKAGE_TARNAME "gedit"
| #define PACKAGE_VERSION "3.30.0"
| #define PACKAGE_STRING "gedit 3.30.0"
| #define PACKAGE_BUGREPORT "https://wiki.gnome.org/Apps/Gedit/ReportingBugs"
| #define PACKAGE_URL "https://wiki.gnome.org/Apps/Gedit"
| #define GEDIT_MAJOR_VERSION 3
| #define GEDIT_MINOR_VERSION 30
| #define GEDIT_MICRO_VERSION 0
| #define PACKAGE "gedit"
| #define VERSION "3.30.0"
| /* end confdefs.h.  */
| 
| int
| main ()
| {
| #ifndef __GNUC__
|        choke me
| #endif
| 
|   ;
|   return 0;
| }
configure:4863: result: no
configure:4872: checking whether gcc accepts -g
configure:4892: gcc -c -g  conftest.m >&5
gcc: fatal error: cannot execute 'cc1obj': execvp: No such file or directory
compilation terminated.
configure:4892: $? = 1
configure: failed program was:
| /* confdefs.h */
| #define PACKAGE_NAME "gedit"
| #define PACKAGE_TARNAME "gedit"
| #define PACKAGE_VERSION "3.30.0"
| #define PACKAGE_STRING "gedit 3.30.0"
| #define PACKAGE_BUGREPORT "https://wiki.gnome.org/Apps/Gedit/ReportingBugs"
| #define PACKAGE_URL "https://wiki.gnome.org/Apps/Gedit"
| #define GEDIT_MAJOR_VERSION 3
| #define GEDIT_MINOR_VERSION 30
| #define GEDIT_MICRO_VERSION 0
| #define PACKAGE "gedit"
| #define VERSION "3.30.0"
| /* end confdefs.h.  */
| 
| int
| main ()
| {
| 
|   ;
|   return 0;
| }
configure:4907: gcc -c   conftest.m >&5
gcc: fatal error: cannot execute 'cc1obj': execvp: No such file or directory
compilation terminated.
configure:4907: $? = 1
configure: failed program was:
| /* confdefs.h */
| #define PACKAGE_NAME "gedit"
| #define PACKAGE_TARNAME "gedit"
| #define PACKAGE_VERSION "3.30.0"
| #define PACKAGE_STRING "gedit 3.30.0"
| #define PACKAGE_BUGREPORT "https://wiki.gnome.org/Apps/Gedit/ReportingBugs"
| #define PACKAGE_URL "https://wiki.gnome.org/Apps/Gedit"
| #define GEDIT_MAJOR_VERSION 3
| #define GEDIT_MINOR_VERSION 30
| #define GEDIT_MICRO_VERSION 0
| #define PACKAGE "gedit"
| #define VERSION "3.30.0"
| /* end confdefs.h.  */
| 
| int
| main ()
| {
| 
|   ;
|   return 0;
| }
configure:4923: gcc -c -g  conftest.m >&5
gcc: fatal error: cannot execute 'cc1obj': execvp: No such file or directory
compilation terminated.
configure:4923: $? = 1
configure: failed program was:
| /* confdefs.h */
| #define PACKAGE_NAME "gedit"
| #define PACKAGE_TARNAME "gedit"
| #define PACKAGE_VERSION "3.30.0"
| #define PACKAGE_STRING "gedit 3.30.0"
| #define PACKAGE_BUGREPORT "https://wiki.gnome.org/Apps/Gedit/ReportingBugs"
| #define PACKAGE_URL "https://wiki.gnome.org/Apps/Gedit"
| #define GEDIT_MAJOR_VERSION 3
| #define GEDIT_MINOR_VERSION 30
| #define GEDIT_MICRO_VERSION 0
| #define PACKAGE "gedit"
| #define VERSION "3.30.0"
| /* end confdefs.h.  */
| 
| int
| main ()
| {
| 
|   ;
|   return 0;
| }
configure:4933: result: no
configure:4958: checking dependency style of gcc
configure:5067: result: gcc3
configure:5114: checking build system type
configure:5128: result: x86_64-pc-linux-gnu
configure:5148: checking host system type
configure:5161: result: x86_64-pc-linux-gnu
configure:5202: checking how to print strings
configure:5229: result: printf
configure:5250: checking for a sed that does not truncate output
configure:5314: result: /usr/bin/sed
configure:5332: checking for grep that handles long lines and -e
configure:5390: result: /usr/bin/grep
configure:5395: checking for egrep
configure:5457: result: /usr/bin/grep -E
configure:5462: checking for fgrep
configure:5524: result: /usr/bin/grep -F
configure:5559: checking for ld used by gcc
configure:5626: result: /usr/bin/ld
configure:5633: checking if the linker (/usr/bin/ld) is GNU ld
configure:5648: result: yes
configure:5660: checking for BSD- or MS-compatible name lister (nm)
configure:5714: result: /usr/bin/nm -B
configure:5844: checking the name lister (/usr/bin/nm -B) interface
configure:5851: gcc -c -g -O2  conftest.c >&5
configure:5854: /usr/bin/nm -B "conftest.o"
configure:5857: output
0000000000000000 B some_variable
configure:5864: result: BSD nm
configure:5867: checking whether ln -s works
configure:5871: result: yes
configure:5879: checking the maximum length of command line arguments
configure:6010: result: 1572864
configure:6058: checking how to convert x86_64-pc-linux-gnu file names to x86_64-pc-linux-gnu format
configure:6098: result: func_convert_file_noop
configure:6105: checking how to convert x86_64-pc-linux-gnu file names to toolchain format
configure:6125: result: func_convert_file_noop
configure:6132: checking for /usr/bin/ld option to reload object files
configure:6139: result: -r
configure:6213: checking for objdump
configure:6229: found /usr/bin/objdump
configure:6240: result: objdump
configure:6272: checking how to recognize dependent libraries
configure:6472: result: pass_all
configure:6557: checking for dlltool
configure:6587: result: no
configure:6617: checking how to associate runtime and link libraries
configure:6644: result: printf %s\n
configure:6704: checking for ar
configure:6720: found /usr/bin/ar
configure:6731: result: ar
configure:6768: checking for archiver @FILE support
configure:6785: gcc -c -g -O2  conftest.c >&5
configure:6785: $? = 0
configure:6788: ar cru libconftest.a @conftest.lst >&5
ar: `u' modifier ignored since `D' is the default (see `U')
configure:6791: $? = 0
configure:6796: ar cru libconftest.a @conftest.lst >&5
ar: `u' modifier ignored since `D' is the default (see `U')
ar: conftest.o: No such file or directory
configure:6799: $? = 1
configure:6811: result: @
configure:6869: checking for strip
configure:6885: found /usr/bin/strip
configure:6896: result: strip
configure:6968: checking for ranlib
configure:6984: found /usr/bin/ranlib
configure:6995: result: ranlib
configure:7097: checking command to parse /usr/bin/nm -B output from gcc object
configure:7250: gcc -c -g -O2  conftest.c >&5
configure:7253: $? = 0
configure:7257: /usr/bin/nm -B conftest.o \| sed -n -e 's/^.*[ ]\([ABCDGIRSTW][ABCDGIRSTW]*\)[ ][ ]*\([_A-Za-z][_A-Za-z0-9]*\)$/\1 \2 \2/p' | sed '/ __gnu_lto/d' \> conftest.nm
configure:7260: $? = 0
configure:7326: gcc -o conftest -g -O2   conftest.c conftstm.o >&5
configure:7329: $? = 0
configure:7367: result: ok
configure:7414: checking for sysroot
configure:7444: result: no
configure:7451: checking for a working dd
configure:7489: result: /usr/bin/dd
configure:7493: checking how to truncate binary pipes
configure:7508: result: /usr/bin/dd bs=4096 count=1
configure:7644: gcc -c -g -O2  conftest.c >&5
configure:7647: $? = 0
configure:7837: checking for mt
configure:7853: found /usr/bin/mt
configure:7864: result: mt
configure:7887: checking if mt is a manifest tool
configure:7893: mt '-?'
configure:7901: result: no
configure:8578: checking how to run the C preprocessor
configure:8609: gcc -E  conftest.c
configure:8609: $? = 0
configure:8623: gcc -E  conftest.c
conftest.c:14:10: fatal error: ac_nonexistent.h: No such file or directory
   14 | #include <ac_nonexistent.h>
      |          ^~~~~~~~~~~~~~~~~~
compilation terminated.
configure:8623: $? = 1
configure: failed program was:
| /* confdefs.h */
| #define PACKAGE_NAME "gedit"
| #define PACKAGE_TARNAME "gedit"
| #define PACKAGE_VERSION "3.30.0"
| #define PACKAGE_STRING "gedit 3.30.0"
| #define PACKAGE_BUGREPORT "https://wiki.gnome.org/Apps/Gedit/ReportingBugs"
| #define PACKAGE_URL "https://wiki.gnome.org/Apps/Gedit"
| #define GEDIT_MAJOR_VERSION 3
| #define GEDIT_MINOR_VERSION 30
| #define GEDIT_MICRO_VERSION 0
| #define PACKAGE "gedit"
| #define VERSION "3.30.0"
| /* end confdefs.h.  */
| #include <ac_nonexistent.h>
configure:8648: result: gcc -E
configure:8668: gcc -E  conftest.c
configure:8668: $? = 0
configure:8682: gcc -E  conftest.c
conftest.c:14:10: fatal error: ac_nonexistent.h: No such file or directory
   14 | #include <ac_nonexistent.h>
      |          ^~~~~~~~~~~~~~~~~~
compilation terminated.
configure:8682: $? = 1
configure: failed program was:
| /* confdefs.h */
| #define PACKAGE_NAME "gedit"
| #define PACKAGE_TARNAME "gedit"
| #define PACKAGE_VERSION "3.30.0"
| #define PACKAGE_STRING "gedit 3.30.0"
| #define PACKAGE_BUGREPORT "https://wiki.gnome.org/Apps/Gedit/ReportingBugs"
| #define PACKAGE_URL "https://wiki.gnome.org/Apps/Gedit"
| #define GEDIT_MAJOR_VERSION 3
| #define GEDIT_MINOR_VERSION 30
| #define GEDIT_MICRO_VERSION 0
| #define PACKAGE "gedit"
| #define VERSION "3.30.0"
| /* end confdefs.h.  */
| #include <ac_nonexistent.h>
configure:8711: checking for ANSI C header files
configure:8731: gcc -c -g -O2  conftest.c >&5
configure:8731: $? = 0
configure:8804: gcc -o conftest -g -O2   conftest.c  >&5
configure:8804: $? = 0
configure:8804: ./conftest
configure:8804: $? = 0
configure:8815: result: yes
configure:8828: checking for sys/types.h
configure:8828: gcc -c -g -O2  conftest.c >&5
configure:8828: $? = 0
configure:8828: result: yes
configure:8828: checking for sys/stat.h
configure:8828: gcc -c -g -O2  conftest.c >&5
configure:8828: $? = 0
configure:8828: result: yes
configure:8828: checking for stdlib.h
configure:8828: gcc -c -g -O2  conftest.c >&5
configure:8828: $? = 0
configure:8828: result: yes
configure:8828: checking for string.h
configure:8828: gcc -c -g -O2  conftest.c >&5
configure:8828: $? = 0
configure:8828: result: yes
configure:8828: checking for memory.h
configure:8828: gcc -c -g -O2  conftest.c >&5
configure:8828: $? = 0
configure:8828: result: yes
configure:8828: checking for strings.h
configure:8828: gcc -c -g -O2  conftest.c >&5
configure:8828: $? = 0
configure:8828: result: yes
configure:8828: checking for inttypes.h
configure:8828: gcc -c -g -O2  conftest.c >&5
configure:8828: $? = 0
configure:8828: result: yes
configure:8828: checking for stdint.h
configure:8828: gcc -c -g -O2  conftest.c >&5
configure:8828: $? = 0
configure:8828: result: yes
configure:8828: checking for unistd.h
configure:8828: gcc -c -g -O2  conftest.c >&5
configure:8828: $? = 0
configure:8828: result: yes
configure:8842: checking for dlfcn.h
configure:8842: gcc -c -g -O2  conftest.c >&5
configure:8842: $? = 0
configure:8842: result: yes
configure:9097: checking for objdir
configure:9112: result: .libs
configure:9376: checking if gcc supports -fno-rtti -fno-exceptions
configure:9394: gcc -c -g -O2  -fno-rtti -fno-exceptions conftest.c >&5
cc1: warning: command-line option '-fno-rtti' is valid for C++/D/ObjC++ but not for C
configure:9398: $? = 0
configure:9411: result: no
configure:9769: checking for gcc option to produce PIC
configure:9776: result: -fPIC -DPIC
configure:9784: checking if gcc PIC flag -fPIC -DPIC works
configure:9802: gcc -c -g -O2  -fPIC -DPIC -DPIC conftest.c >&5
configure:9806: $? = 0
configure:9819: result: yes
configure:9848: checking if gcc static flag -static works
configure:9876: result: yes
configure:9891: checking if gcc supports -c -o file.o
configure:9912: gcc -c -g -O2  -o out/conftest2.o conftest.c >&5
configure:9916: $? = 0
configure:9938: result: yes
configure:9946: checking if gcc supports -c -o file.o
configure:9993: result: yes
configure:10026: checking whether the gcc linker (/usr/bin/ld -m elf_x86_64) supports shared libraries
configure:11289: result: yes
configure:11326: checking whether -lc should be explicitly linked in
configure:11334: gcc -c -g -O2  conftest.c >&5
configure:11337: $? = 0
configure:11352: gcc -shared  -fPIC -DPIC conftest.o  -v -Wl,-soname -Wl,conftest -o conftest 2\>\&1 \| /usr/bin/grep  -lc  \>/dev/null 2\>\&1
configure:11355: $? = 0
configure:11369: result: no
configure:11529: checking dynamic linker characteristics
configure:12110: gcc -o conftest -g -O2   -Wl,-rpath -Wl,/foo conftest.c  >&5
configure:12110: $? = 0
configure:12359: result: GNU/Linux ld.so
configure:12481: checking how to hardcode library paths into programs
configure:12506: result: immediate
configure:13054: checking whether stripping libraries is possible
configure:13059: result: yes
configure:13094: checking if libtool supports shared libraries
configure:13096: result: yes
configure:13099: checking whether to build shared libraries
configure:13124: result: yes
configure:13127: checking whether to build static libraries
configure:13131: result: no
configure:13173: checking for gtk-doc
configure:13176: $PKG_CONFIG --exists --print-errors "$gtk_doc_requires"
Package gtk-doc was not found in the pkg-config search path.
Perhaps you should add the directory containing `gtk-doc.pc'
to the PKG_CONFIG_PATH environment variable
Package 'gtk-doc', required by 'virtual:world', not found
configure:13179: $? = 1
configure:13185: result: no
configure:13191: WARNING:
  You will not be able to create source packages with 'make dist'
  because gtk-doc >= 1.0 is not found.
configure:13199: checking for gtkdoc-check
configure:13229: result: no
configure:13236: checking for gtkdoc-check
configure:13269: result: no
configure:13278: checking for gtkdoc-rebase
configure:13311: result: no
configure:13322: checking for gtkdoc-mkpdf
configure:13355: result: no
configure:13380: checking whether to build gtk-doc documentation
configure:13382: result: no
configure:13395: checking for GTKDOC_DEPS
configure:13402: $PKG_CONFIG --exists --print-errors "glib-2.0 >= 2.10.0 gobject-2.0  >= 2.10.0"
configure:13405: $? = 0
configure:13419: $PKG_CONFIG --exists --print-errors "glib-2.0 >= 2.10.0 gobject-2.0  >= 2.10.0"
configure:13422: $? = 0
configure:13460: result: yes
configure:13543: checking for Win32 platform
configure:13564: result: no
configure:13575: checking for native Win32
configure:13678: result: no
configure:13689: checking for Mac OS X platform
configure:13699: result: no
configure:13726: checking for native Mac OS X
configure:13734: result: no
configure:13873: checking whether NLS is requested
configure:13882: result: yes
configure:13900: checking for intltool >= 0.50.1
configure:13902: result: 0.51.0 found
configure:13910: checking for intltool-update
configure:13928: found /usr/bin/intltool-update
configure:13940: result: /usr/bin/intltool-update
configure:13950: checking for intltool-merge
configure:13968: found /usr/bin/intltool-merge
configure:13980: result: /usr/bin/intltool-merge
configure:13990: checking for intltool-extract
configure:14008: found /usr/bin/intltool-extract
configure:14020: result: /usr/bin/intltool-extract
configure:14174: checking for xgettext
configure:14192: found /usr/bin/xgettext
configure:14204: result: /usr/bin/xgettext
configure:14214: checking for msgmerge
configure:14232: found /usr/bin/msgmerge
configure:14244: result: /usr/bin/msgmerge
configure:14254: checking for msgfmt
configure:14272: found /usr/bin/msgfmt
configure:14284: result: /usr/bin/msgfmt
configure:14294: checking for gmsgfmt
configure:14325: result: /usr/bin/msgfmt
configure:14345: checking for perl
configure:14363: found /usr/bin/perl
configure:14375: result: /usr/bin/perl
configure:14386: checking for perl >= 5.8.1
configure:14393: result: 5.38.2
configure:14397: checking for XML::Parser
configure:14400: result: ok
configure:14459: checking for msgfmt
configure:14491: result: /usr/bin/msgfmt
configure:14500: checking for gmsgfmt
configure:14531: result: /usr/bin/msgfmt
configure:14582: checking for xgettext
configure:14614: result: /usr/bin/xgettext
configure:14660: checking for msgmerge
configure:14691: result: /usr/bin/msgmerge
configure:14748: checking for ld used by GCC
configure:14812: result: /usr/bin/ld -m elf_x86_64
configure:14819: checking if the linker (/usr/bin/ld -m elf_x86_64) is GNU ld
configure:14832: result: yes
configure:14839: checking for shared library run path origin
configure:14852: result: done
configure:15424: checking for CFPreferencesCopyAppValue
configure:15442: gcc -o conftest -g -O2   conftest.c  -Wl,-framework -Wl,CoreFoundation >&5
conftest.c:26:10: fatal error: CoreFoundation/CFPreferences.h: No such file or directory
   26 | #include <CoreFoundation/CFPreferences.h>
      |          ^~~~~~~~~~~~~~~~~~~~~~~~~~~~~~~~
compilation terminated.
configure:15442: $? = 1
configure: failed program was:
| /* confdefs.h */
| #define PACKAGE_NAME "gedit"
| #define PACKAGE_TARNAME "gedit"
| #define PACKAGE_VERSION "3.30.0"
| #define PACKAGE_STRING "gedit 3.30.0"
| #define PACKAGE_BUGREPORT "https://wiki.gnome.org/Apps/Gedit/ReportingBugs"
| #define PACKAGE_URL "https://wiki.gnome.org/Apps/Gedit"
| #define GEDIT_MAJOR_VERSION 3
| #define GEDIT_MINOR_VERSION 30
| #define GEDIT_MICRO_VERSION 0
| #define PACKAGE "gedit"
| #define VERSION "3.30.0"
| #define STDC_HEADERS 1
| #define HAVE_SYS_TYPES_H 1
| #define HAVE_SYS_STAT_H 1
| #define HAVE_STDLIB_H 1
| #define HAVE_STRING_H 1
| #define HAVE_MEMORY_H 1
| #define HAVE_STRINGS_H 1
| #define HAVE_INTTYPES_H 1
| #define HAVE_STDINT_H 1
| #define HAVE_UNISTD_H 1
| #define HAVE_DLFCN_H 1
| #define LT_OBJDIR ".libs/"
| /* end confdefs.h.  */
| #include <CoreFoundation/CFPreferences.h>
| int
| main ()
| {
| CFPreferencesCopyAppValue(NULL, NULL)
|   ;
|   return 0;
| }
configure:15451: result: no
configure:15458: checking for CFLocaleCopyCurrent
configure:15476: gcc -o conftest -g -O2   conftest.c  -Wl,-framework -Wl,CoreFoundation >&5
conftest.c:26:10: fatal error: CoreFoundation/CFLocale.h: No such file or directory
   26 | #include <CoreFoundation/CFLocale.h>
      |          ^~~~~~~~~~~~~~~~~~~~~~~~~~~
compilation terminated.
configure:15476: $? = 1
configure: failed program was:
| /* confdefs.h */
| #define PACKAGE_NAME "gedit"
| #define PACKAGE_TARNAME "gedit"
| #define PACKAGE_VERSION "3.30.0"
| #define PACKAGE_STRING "gedit 3.30.0"
| #define PACKAGE_BUGREPORT "https://wiki.gnome.org/Apps/Gedit/ReportingBugs"
| #define PACKAGE_URL "https://wiki.gnome.org/Apps/Gedit"
| #define GEDIT_MAJOR_VERSION 3
| #define GEDIT_MINOR_VERSION 30
| #define GEDIT_MICRO_VERSION 0
| #define PACKAGE "gedit"
| #define VERSION "3.30.0"
| #define STDC_HEADERS 1
| #define HAVE_SYS_TYPES_H 1
| #define HAVE_SYS_STAT_H 1
| #define HAVE_STDLIB_H 1
| #define HAVE_STRING_H 1
| #define HAVE_MEMORY_H 1
| #define HAVE_STRINGS_H 1
| #define HAVE_INTTYPES_H 1
| #define HAVE_STDINT_H 1
| #define HAVE_UNISTD_H 1
| #define HAVE_DLFCN_H 1
| #define LT_OBJDIR ".libs/"
| /* end confdefs.h.  */
| #include <CoreFoundation/CFLocale.h>
| int
| main ()
| {
| CFLocaleCopyCurrent();
|   ;
|   return 0;
| }
configure:15485: result: no
configure:15534: checking for GNU gettext in libc
configure:15554: gcc -o conftest -g -O2   conftest.c  >&5
configure:15554: $? = 0
configure:15563: result: yes
configure:16354: checking whether to use NLS
configure:16356: result: yes
configure:16359: checking where the gettext function comes from
configure:16370: result: libc
configure:16469: checking for LIBSOUP
configure:16477: $PKG_CONFIG --exists --print-errors "\
		libsoup-2.4"
Package libsoup-2.4 was not found in the pkg-config search path.
Perhaps you should add the directory containing `libsoup-2.4.pc'
to the PKG_CONFIG_PATH environment variable
Package 'libsoup-2.4', required by 'virtual:world', not found
configure:16481: $? = 1
configure:16497: $PKG_CONFIG --exists --print-errors "\
		libsoup-2.4"
Package libsoup-2.4 was not found in the pkg-config search path.
Perhaps you should add the directory containing `libsoup-2.4.pc'
to the PKG_CONFIG_PATH environment variable
Package 'libsoup-2.4', required by 'virtual:world', not found
configure:16501: $? = 1
configure:16516: result: no
Package 'libsoup-2.4', required by 'virtual:world', not found
configure:16678: $PKG_CONFIG --exists --print-errors "pygobject-3.0 >= $PYGOBJECT_REQUIRED"
Package pygobject-3.0 was not found in the pkg-config search path.
Perhaps you should add the directory containing `pygobject-3.0.pc'
to the PKG_CONFIG_PATH environment variable
Package 'pygobject-3.0', required by 'virtual:world', not found
configure:16681: $? = 1
configure:17061: checking for GEDIT
configure:17078: $PKG_CONFIG --exists --print-errors "
	libxml-2.0 >= $LIBXML_REQUIRED
	glib-2.0 >= $GLIB_REQUIRED
	gio-2.0 >= $GLIB_REQUIRED
	gmodule-2.0
	gtk+-3.0 >= $GTK_REQUIRED
	gtksourceview-3.0 >= $GTKSOURCEVIEW_REQUIRED
	libpeas-1.0 >= $LIBPEAS_REQUIRED
	libpeas-gtk-1.0 >= $LIBPEAS_REQUIRED
	gsettings-desktop-schemas
"
configure:17091: $? = 0
configure:17125: $PKG_CONFIG --exists --print-errors "
	libxml-2.0 >= $LIBXML_REQUIRED
	glib-2.0 >= $GLIB_REQUIRED
	gio-2.0 >= $GLIB_REQUIRED
	gmodule-2.0
	gtk+-3.0 >= $GTK_REQUIRED
	gtksourceview-3.0 >= $GTKSOURCEVIEW_REQUIRED
	libpeas-1.0 >= $LIBPEAS_REQUIRED
	libpeas-gtk-1.0 >= $LIBPEAS_REQUIRED
	gsettings-desktop-schemas
"
configure:17138: $? = 0
configure:17236: result: yes
configure:17245: checking for X11
configure:17254: $PKG_CONFIG --exists --print-errors "
		x11
	"
configure:17259: $? = 0
configure:17277: $PKG_CONFIG --exists --print-errors "
		x11
	"
configure:17282: $? = 0
configure:17348: result: yes
configure:17370: checking whether to forbid deprecated symbols
configure:17384: result: no
configure:17424: checking for itstool
configure:17440: found /usr/bin/itstool
configure:17451: result: itstool
configure:17466: checking for xmllint
configure:17482: found /usr/bin/xmllint
configure:17493: result: xmllint
configure:17717: checking for gobject-introspection
configure:17748: $PKG_CONFIG --exists --print-errors "gobject-introspection-1.0 >= 0.9.3"
configure:17751: $? = 0
configure:17763: result: yes
configure:17932: checking for cos in -lm
configure:17957: gcc -o conftest -g -O2   conftest.c -lm   >&5
conftest.c:39:6: warning: conflicting types for built-in function 'cos'; expected 'double(double)' [-Wbuiltin-declaration-mismatch]
   39 | char cos ();
      |      ^~~
conftest.c:1:1: note: 'cos' is declared in header '<math.h>'
    1 | /* confdefs.h */
configure:17957: $? = 0
configure:17966: result: yes
configure:18168: checking for LIBGD
configure:18175: $PKG_CONFIG --exists --print-errors " $LIBGD_MODULES "
configure:18178: $? = 0
configure:18192: $PKG_CONFIG --exists --print-errors " $LIBGD_MODULES "
configure:18195: $? = 0
configure:18253: result: yes
configure:18327: checking for pkg-config
configure:18357: result: /usr/bin/pkg-config
configure:18382: checking pkg-config is at least version 0.16
configure:18385: result: yes
configure:18628: checking for pkg-config
configure:18658: result: /usr/bin/pkg-config
configure:18683: checking pkg-config is at least version 0.9.0
configure:18686: result: yes
configure:18696: $PKG_CONFIG --exists --print-errors "$vapigen_pkg"
Package vapigen was not found in the pkg-config search path.
Perhaps you should add the directory containing `vapigen.pc'
to the PKG_CONFIG_PATH environment variable
Package 'vapigen', required by 'virtual:world', not found
configure:18699: $? = 1
configure:18725: checking for vapigen
configure:18747: result: no
configure:18766: checking for glib-compile-resources
configure:18784: found /usr/bin/glib-compile-resources
configure:18796: result: /usr/bin/glib-compile-resources
configure:18806: checking for glib-mkenums
configure:18824: found /usr/bin/glib-mkenums
configure:18836: result: /usr/bin/glib-mkenums
configure:18903: checking whether gcc understands -Wall
configure:18916: gcc -c -g -O2 -Wall  conftest.c >&5
configure:18916: $? = 0
configure:18923: result: yes
configure:18903: checking whether gcc understands -Wstrict-prototypes
configure:18916: gcc -c -g -O2 -Wstrict-prototypes  conftest.c >&5
conftest.c:35:1: warning: function declaration isn't a prototype [-Wstrict-prototypes]
   35 | main ()
      | ^~~~
configure:18916: $? = 0
configure:18923: result: yes
configure:18903: checking whether gcc understands -Wnested-externs
configure:18916: gcc -c -g -O2 -Wnested-externs  conftest.c >&5
configure:18916: $? = 0
configure:18923: result: yes
configure:18903: checking whether gcc understands -Werror=missing-prototypes
configure:18916: gcc -c -g -O2 -Werror=missing-prototypes  conftest.c >&5
configure:18916: $? = 0
configure:18923: result: yes
configure:18903: checking whether gcc understands -Werror=implicit-function-declaration
configure:18916: gcc -c -g -O2 -Werror=implicit-function-declaration  conftest.c >&5
configure:18916: $? = 0
configure:18923: result: yes
configure:18903: checking whether gcc understands -Werror=pointer-arith
configure:18916: gcc -c -g -O2 -Werror=pointer-arith  conftest.c >&5
configure:18916: $? = 0
configure:18923: result: yes
configure:18903: checking whether gcc understands -Werror=init-self
configure:18916: gcc -c -g -O2 -Werror=init-self  conftest.c >&5
configure:18916: $? = 0
configure:18923: result: yes
configure:18903: checking whether gcc understands -Werror=format-security
configure:18916: gcc -c -g -O2 -Werror=format-security  conftest.c >&5
configure:18916: $? = 0
configure:18923: result: yes
configure:18903: checking whether gcc understands -Werror=format=2
configure:18916: gcc -c -g -O2 -Werror=format=2  conftest.c >&5
configure:18916: $? = 0
configure:18923: result: yes
configure:18903: checking whether gcc understands -Werror=missing-include-dirs
configure:18916: gcc -c -g -O2 -Werror=missing-include-dirs  conftest.c >&5
configure:18916: $? = 0
configure:18923: result: yes
configure:18903: checking whether gcc understands -Werror=return-type
configure:18916: gcc -c -g -O2 -Werror=return-type  conftest.c >&5
configure:18916: $? = 0
configure:18923: result: yes
configure:18933: checking what warning flags to pass to the C compiler
configure:18935: result:  -Wall -Wstrict-prototypes -Wnested-externs -Werror=missing-prototypes -Werror=implicit-function-declaration -Werror=pointer-arith -Werror=init-self -Werror=format-security -Werror=format=2 -Werror=missing-include-dirs -Werror=return-type
configure:18946: checking what language compliance flags to pass to the C compiler
configure:18961: result: 
configure:19078: checking that generated files are newer than configure
configure:19084: result: done
configure:19251: creating ./config.status

## ---------------------- ##
## Running config.status. ##
## ---------------------- ##

This file was extended by gedit config.status 3.30.0, which was
generated by GNU Autoconf 2.69.  Invocation command line was

  CONFIG_FILES    = 
  CONFIG_HEADERS  = 
  CONFIG_LINKS    = 
  CONFIG_COMMANDS = 
  $ ./config.status 

on Ubuntu

config.status:1579: creating Makefile
config.status:1579: creating gedit/resources/gedit.gresource.xml
config.status:1579: creating data/org.gnome.gedit.desktop.in
config.status:1579: creating data/gedit.pc
config.status:1579: creating data/org.gnome.gedit.gschema.xml
config.status:1579: creating docs/Makefile
config.status:1579: creating docs/reference/Makefile
config.status:1579: creating help/Makefile
config.status:1579: creating libgd/Makefile
config.status:1579: creating plugins/checkupdate/org.gnome.gedit.plugins.checkupdate.gschema.xml
config.status:1579: creating plugins/externaltools/org.gnome.gedit.plugins.externaltools.gschema.xml
config.status:1579: creating plugins/filebrowser/org.gnome.gedit.plugins.filebrowser.gschema.xml
config.status:1579: creating plugins/pythonconsole/org.gnome.gedit.plugins.pythonconsole.gschema.xml
config.status:1579: creating plugins/time/org.gnome.gedit.plugins.time.gschema.xml
config.status:1579: creating po/Makefile.in
config.status:1579: creating osx/bundle/data/Info.plist
config.status:1579: creating config.h
config.status:1760: config.h is unchanged
config.status:1839: executing depfiles commands
config.status:1916: cd .       && sed -e '/# am--include-marker/d' Makefile         | make -f - am--depfiles
make: Nothing to be done for 'am--depfiles'.
config.status:1921: $? = 0
config.status:1916: cd libgd       && sed -e '/# am--include-marker/d' Makefile         | make -f - am--depfiles
make: Nothing to be done for 'am--depfiles'.
config.status:1921: $? = 0
config.status:1839: executing libtool commands
config.status:1839: executing po-directories commands
config.status:1839: executing po/stamp-it commands

## ---------------- ##
## Cache variables. ##
## ---------------- ##

ac_cv_build=x86_64-pc-linux-gnu
ac_cv_c_compiler_gnu=yes
ac_cv_env_CC_set=
ac_cv_env_CC_value=
ac_cv_env_CFLAGS_set=
ac_cv_env_CFLAGS_value=
ac_cv_env_CPPFLAGS_set=
ac_cv_env_CPPFLAGS_value=
ac_cv_env_CPP_set=
ac_cv_env_CPP_value=
ac_cv_env_GEDIT_CFLAGS_set=
ac_cv_env_GEDIT_CFLAGS_value=
ac_cv_env_GEDIT_LIBS_set=
ac_cv_env_GEDIT_LIBS_value=
ac_cv_env_GSPELL_CFLAGS_set=
ac_cv_env_GSPELL_CFLAGS_value=
ac_cv_env_GSPELL_LIBS_set=
ac_cv_env_GSPELL_LIBS_value=
ac_cv_env_GTKDOC_DEPS_CFLAGS_set=
ac_cv_env_GTKDOC_DEPS_CFLAGS_value=
ac_cv_env_GTKDOC_DEPS_LIBS_set=
ac_cv_env_GTKDOC_DEPS_LIBS_value=
ac_cv_env_GTK_MAC_CFLAGS_set=
ac_cv_env_GTK_MAC_CFLAGS_value=
ac_cv_env_GTK_MAC_LIBS_set=
ac_cv_env_GTK_MAC_LIBS_value=
ac_cv_env_ITSTOOL_set=
ac_cv_env_ITSTOOL_value=
ac_cv_env_LDFLAGS_set=
ac_cv_env_LDFLAGS_value=
ac_cv_env_LIBGD_CFLAGS_set=
ac_cv_env_LIBGD_CFLAGS_value=
ac_cv_env_LIBGD_LIBS_set=
ac_cv_env_LIBGD_LIBS_value=
ac_cv_env_LIBSOUP_CFLAGS_set=
ac_cv_env_LIBSOUP_CFLAGS_value=
ac_cv_env_LIBSOUP_LIBS_set=
ac_cv_env_LIBSOUP_LIBS_value=
ac_cv_env_LIBS_set=
ac_cv_env_LIBS_value=
ac_cv_env_LT_SYS_LIBRARY_PATH_set=
ac_cv_env_LT_SYS_LIBRARY_PATH_value=
ac_cv_env_OBJCFLAGS_set=
ac_cv_env_OBJCFLAGS_value=
ac_cv_env_OBJC_set=
ac_cv_env_OBJC_value=
ac_cv_env_PKG_CONFIG_LIBDIR_set=
ac_cv_env_PKG_CONFIG_LIBDIR_value=
ac_cv_env_PKG_CONFIG_PATH_set=set
ac_cv_env_PKG_CONFIG_PATH_value=/usr/share/pkgconfig:
ac_cv_env_PKG_CONFIG_set=
ac_cv_env_PKG_CONFIG_value=
ac_cv_env_PYTHON_CFLAGS_set=
ac_cv_env_PYTHON_CFLAGS_value=
ac_cv_env_PYTHON_LIBS_set=
ac_cv_env_PYTHON_LIBS_value=
ac_cv_env_PYTHON_set=
ac_cv_env_PYTHON_value=
ac_cv_env_X11_CFLAGS_set=
ac_cv_env_X11_CFLAGS_value=
ac_cv_env_X11_LIBS_set=
ac_cv_env_X11_LIBS_value=
ac_cv_env_XMLLINT_set=
ac_cv_env_XMLLINT_value=
ac_cv_env_build_alias_set=
ac_cv_env_build_alias_value=
ac_cv_env_host_alias_set=
ac_cv_env_host_alias_value=
ac_cv_env_target_alias_set=
ac_cv_env_target_alias_value=
ac_cv_header_dlfcn_h=yes
ac_cv_header_inttypes_h=yes
ac_cv_header_memory_h=yes
ac_cv_header_stdc=yes
ac_cv_header_stdint_h=yes
ac_cv_header_stdlib_h=yes
ac_cv_header_string_h=yes
ac_cv_header_strings_h=yes
ac_cv_header_sys_stat_h=yes
ac_cv_header_sys_types_h=yes
ac_cv_header_unistd_h=yes
ac_cv_host=x86_64-pc-linux-gnu
ac_cv_lib_m_cos=yes
ac_cv_objc_compiler_gnu=no
ac_cv_objext=o
ac_cv_path_EGREP='/usr/bin/grep -E'
ac_cv_path_FGREP='/usr/bin/grep -F'
ac_cv_path_GLIB_COMPILE_RESOURCES=/usr/bin/glib-compile-resources
ac_cv_path_GLIB_MKENUMS=/usr/bin/glib-mkenums
ac_cv_path_GMSGFMT=/usr/bin/msgfmt
ac_cv_path_GREP=/usr/bin/grep
ac_cv_path_INTLTOOL_EXTRACT=/usr/bin/intltool-extract
ac_cv_path_INTLTOOL_MERGE=/usr/bin/intltool-merge
ac_cv_path_INTLTOOL_PERL=/usr/bin/perl
ac_cv_path_INTLTOOL_UPDATE=/usr/bin/intltool-update
ac_cv_path_MSGFMT=/usr/bin/msgfmt
ac_cv_path_MSGMERGE=/usr/bin/msgmerge
ac_cv_path_SED=/usr/bin/sed
ac_cv_path_XGETTEXT=/usr/bin/xgettext
ac_cv_path_ac_pt_PKG_CONFIG=/usr/bin/pkg-config
ac_cv_path_install='/usr/bin/install -c'
ac_cv_path_lt_DD=/usr/bin/dd
ac_cv_path_mkdir=/usr/bin/mkdir
ac_cv_prog_AWK=mawk
ac_cv_prog_CPP='gcc -E'
ac_cv_prog_ITSTOOL=itstool
ac_cv_prog_XMLLINT=xmllint
ac_cv_prog_ac_ct_AR=ar
ac_cv_prog_ac_ct_CC=gcc
ac_cv_prog_ac_ct_MANIFEST_TOOL=mt
ac_cv_prog_ac_ct_OBJC=gcc
ac_cv_prog_ac_ct_OBJDUMP=objdump
ac_cv_prog_ac_ct_RANLIB=ranlib
ac_cv_prog_ac_ct_STRIP=strip
ac_cv_prog_cc_c89=
ac_cv_prog_cc_g=yes
ac_cv_prog_make_make_set=yes
ac_cv_prog_objc_g=no
ac_cv_sys_file_offset_bits=no
ac_cv_sys_largefile_CC=no
acl_cv_hardcode_direct=no
acl_cv_hardcode_libdir_flag_spec='${wl}-rpath ${wl}$libdir'
acl_cv_hardcode_libdir_separator=
acl_cv_hardcode_minus_L=no
acl_cv_libext=a
acl_cv_libname_spec='lib$name'
acl_cv_library_names_spec='$libname$shrext'
acl_cv_path_LD='/usr/bin/ld -m elf_x86_64'
acl_cv_prog_gnu_ld=yes
acl_cv_rpath=done
acl_cv_shlibext=so
acl_cv_wl=-Wl,
am_cv_CC_dependencies_compiler_type=gcc3
am_cv_OBJC_dependencies_compiler_type=gcc3
am_cv_make_support_nested_variables=yes
am_cv_prog_cc_c_o=yes
am_cv_prog_tar_ustar=gnutar
gt_cv_func_CFLocaleCopyCurrent=no
gt_cv_func_CFPreferencesCopyAppValue=no
gt_cv_func_gnugettext1_libc=yes
lt_cv_ar_at_file=@
lt_cv_archive_cmds_need_lc=no
lt_cv_deplibs_check_method=pass_all
lt_cv_file_magic_cmd='$MAGIC_CMD'
lt_cv_file_magic_test_file=
lt_cv_ld_reload_flag=-r
lt_cv_nm_interface='BSD nm'
lt_cv_objdir=.libs
lt_cv_path_LD=/usr/bin/ld
lt_cv_path_NM='/usr/bin/nm -B'
lt_cv_path_mainfest_tool=no
lt_cv_prog_compiler_c_o=yes
lt_cv_prog_compiler_pic='-fPIC -DPIC'
lt_cv_prog_compiler_pic_works=yes
lt_cv_prog_compiler_rtti_exceptions=no
lt_cv_prog_compiler_static_works=yes
lt_cv_prog_gnu_ld=yes
lt_cv_sharedlib_from_linklib_cmd='printf %s\n'
lt_cv_shlibpath_overrides_runpath=yes
lt_cv_sys_global_symbol_pipe='sed -n -e '\''s/^.*[	 ]\([ABCDGIRSTW][ABCDGIRSTW]*\)[	 ][	 ]*\([_A-Za-z][_A-Za-z0-9]*\)$/\1 \2 \2/p'\'' | sed '\''/ __gnu_lto/d'\'''
lt_cv_sys_global_symbol_to_c_name_address='sed -n -e '\''s/^: \(.*\) .*$/  {"\1", (void *) 0},/p'\'' -e '\''s/^[ABCDGIRSTW][ABCDGIRSTW]* .* \(.*\)$/  {"\1", (void *) \&\1},/p'\'''
lt_cv_sys_global_symbol_to_c_name_address_lib_prefix='sed -n -e '\''s/^: \(.*\) .*$/  {"\1", (void *) 0},/p'\'' -e '\''s/^[ABCDGIRSTW][ABCDGIRSTW]* .* \(lib.*\)$/  {"\1", (void *) \&\1},/p'\'' -e '\''s/^[ABCDGIRSTW][ABCDGIRSTW]* .* \(.*\)$/  {"lib\1", (void *) \&\1},/p'\'''
lt_cv_sys_global_symbol_to_cdecl='sed -n -e '\''s/^T .* \(.*\)$/extern int \1();/p'\'' -e '\''s/^[ABCDGIRSTW][ABCDGIRSTW]* .* \(.*\)$/extern char \1;/p'\'''
lt_cv_sys_global_symbol_to_import=
lt_cv_sys_max_cmd_len=1572864
lt_cv_to_host_file_cmd=func_convert_file_noop
lt_cv_to_tool_file_cmd=func_convert_file_noop
lt_cv_truncate_bin='/usr/bin/dd bs=4096 count=1'
pkg_cv_GEDIT_CFLAGS='-I/usr/include/libxml2 -I/usr/include/glib-2.0 -I/usr/lib/x86_64-linux-gnu/glib-2.0/include -I/usr/include/libmount -I/usr/include/blkid -I/usr/include/gtk-3.0 -I/usr/include/pango-1.0 -I/usr/include/harfbuzz -I/usr/include/freetype2 -I/usr/include/libpng16 -I/usr/include/fribidi -I/usr/include/cairo -I/usr/include/pixman-1 -I/usr/include/gdk-pixbuf-2.0 -I/usr/include/x86_64-linux-gnu -I/usr/include/webp -I/usr/include/gio-unix-2.0 -I/usr/include/atk-1.0 -I/usr/include/at-spi2-atk/2.0 -I/usr/include/at-spi-2.0 -I/usr/include/dbus-1.0 -I/usr/lib/x86_64-linux-gnu/dbus-1.0/include -I/usr/include/gtksourceview-3.0 -I/usr/include/libpeas-1.0 -I/usr/include/gobject-introspection-1.0 -pthread -I/usr/include/gsettings-desktop-schemas '
pkg_cv_GEDIT_LIBS='-lxml2 -lglib-2.0 -lgtksourceview-3.0 -lglib-2.0 -lpeas-gtk-1.0 -lgtk-3 -lgdk-3 -lz -lpangocairo-1.0 -lpango-1.0 -lharfbuzz -latk-1.0 -lcairo-gobject -lcairo -lgdk_pixbuf-2.0 -lpeas-1.0 -Wl,--export-dynamic -lgmodule-2.0 -pthread -lglib-2.0 -lgio-2.0 -lgirepository-1.0 -lgobject-2.0 -lglib-2.0 '
pkg_cv_GTKDOC_DEPS_CFLAGS='-I/usr/include/glib-2.0 -I/usr/lib/x86_64-linux-gnu/glib-2.0/include '
pkg_cv_GTKDOC_DEPS_LIBS='-lgobject-2.0 -lglib-2.0 '
pkg_cv_LIBGD_CFLAGS='-I/usr/include/gtk-3.0 -I/usr/include/pango-1.0 -I/usr/include/glib-2.0 -I/usr/lib/x86_64-linux-gnu/glib-2.0/include -I/usr/include/harfbuzz -I/usr/include/freetype2 -I/usr/include/libpng16 -I/usr/include/libmount -I/usr/include/blkid -I/usr/include/fribidi -I/usr/include/cairo -I/usr/include/pixman-1 -I/usr/include/gdk-pixbuf-2.0 -I/usr/include/x86_64-linux-gnu -I/usr/include/webp -I/usr/include/gio-unix-2.0 -I/usr/include/atk-1.0 -I/usr/include/at-spi2-atk/2.0 -I/usr/include/at-spi-2.0 -I/usr/include/dbus-1.0 -I/usr/lib/x86_64-linux-gnu/dbus-1.0/include -pthread '
pkg_cv_LIBGD_LIBS='-lgtk-3 -lgdk-3 -lz -lpangocairo-1.0 -lpango-1.0 -lharfbuzz -latk-1.0 -lcairo-gobject -lcairo -lgdk_pixbuf-2.0 -lgio-2.0 -lgobject-2.0 -lglib-2.0 '
pkg_cv_X11_CFLAGS=
pkg_cv_X11_LIBS='-lX11 '

## ----------------- ##
## Output variables. ##
## ----------------- ##



























		$(INSTALL_DATA) $^ "$(DESTDIR)$(gsettingsschemadir)"; \
		test -n "$(GSETTINGS_DISABLE_SCHEMAS_COMPILE)$(DESTDIR)" || $(GLIB_COMPILE_SCHEMAS) $(gsettingsschemadir); \
		test -z "$(gsettingsschemadir)" || $(MKDIR_P) "$(DESTDIR)$(gsettingsschemadir)"; \
	          dname=$$(dirname "$$dname"); \
	          pars="../$$pars"; \
	        $(LN_S) -f $$pars"C/$(HELP_ID)/$$f" "$$helpdir$$f" || exit 1; \
	        dname="$$f"; \
	        done; \
	        echo "$(LN_S) -f $(HELP_DIR)/C/$(HELP_ID)/$$f $$helpdir$$f"; \
	        pars="../"; \
	        while test "$$dname" != "." -a "$$dname" != "/"; do \
	      $(INSTALL_DATA) "$$d$$lc/$$f" "$$helpdir$$f" || exit 1; \
	      echo "$(INSTALL_DATA) $$d$$lc/$$f $$helpdir$$f"; \
	      fi; \
	      if test "x$(YELP_LC_MEDIA_LINKS)" != "x"; then \
	    $(ITSTOOL) -o "$(notdir $@).tmp" $(_HELP_C_FILES) && \
	    $(ITSTOOL) -o "$(notdir $@).tmp" $(_HELP_C_FILES) && \
	    $(XMLLINT) --nonet --noout --noent --path "$$xmlpath" --xinclude "$$d$$lc/$$page"; \
	    cp -p "$$d$$lc/$$file" "$(distdir)/$$lc/" || exit 1; \
	    d="$(srcdir)/"; \
	    echo "$(XMLLINT) --nonet --noout --noent --path $$xmlpath --xinclude $$d$$lc/$$page"; \
	    echo "rm -f $$helpdir$$f"; \
	    elif test "x$$lc" != "xC"; then \
	    fi; \
	    helpdir="$(DESTDIR)$(HELP_DIR)/$$lc/$(HELP_ID)/"; \
	    helpdir="$(DESTDIR)$(HELP_DIR)/$$lc/$(HELP_ID)/"; \
	    if ! test -d "$$helpdir$$mdir"; then $(mkinstalldirs) "$$helpdir$$mdir"; fi; \
	    if test "x$mdir" = "x."; then mdir=""; fi; \
	    if test -f "$$d$$lc/$$f"; then \
	    if test -f "$$lc$$f"; then d=; else d="$(srcdir)/"; fi; \
	    if test -f "$$lc/$$file"; then d=./; else d=$(srcdir)/; fi; \
	    mdir=`dirname "$$f"`; \
	    msgmerge -o "$(notdir $@)" "$(notdir $@)" "$(notdir $@).tmp" && \
	    mv "$(notdir $@).tmp" "$(notdir $@)"); \
	    rm "$(notdir $@).tmp"); \
	    rm -f "$$helpdir$$f"; \
	    then d=; \
	    xmlpath="$$lc"; \
	    xmlpath="$$lc:$(srcdir)/$$lc"; \
	  $(INSTALL_DATA) "$$d$$f" "$$helpdir`basename $$f`" || exit 1; \
	  $(INSTALL_DATA) "$$d$$lc/$$f" "$$helpdir`basename $$f`" || exit 1; \
	  $(MKDIR_P) "$(distdir)/$$lc"; \
	  $(mkinstalldirs) "$(DESTDIR)$(HELP_DIR)/$$lc/$(HELP_ID)" || exit 1; \
	  (cd "$(dir $@)" && \
	  (cd "$(dir $@)" && \
	  done; \
	  done; \
	  done; \
	  done; \
	  echo "$(INSTALL_DATA) $$d$$f $$helpdir`basename $$f`"; \
	  echo "$(INSTALL_DATA) $$d$$lc/$$f $$helpdir`basename $$f`"; \
	  echo "rm -f $$helpdir`basename $$f`"; \
	  echo "rm -f $$helpdir`basename $$f`"; \
	  else \
	  fi; \
	  for file in $(HELP_FILES); do \
	  for lc in C $(_HELP_LINGUAS); do \
	  for lc in C $(_HELP_LINGUAS); do \
	  for page in $(HELP_FILES); do \
	  helpdir="$(DESTDIR)$(HELP_DIR)/$$lc/$(HELP_ID)/"; \
	  helpdir="$(DESTDIR)$(HELP_DIR)/$$lc/$(HELP_ID)/"; \
	  helpdir="$(DESTDIR)$(HELP_DIR)/$$lc/$(HELP_ID)/"; \
	  helpdir="$(DESTDIR)$(HELP_DIR)/$$lc/$(HELP_ID)/"; \
	  if ! test -d "$$helpdir"; then $(mkinstalldirs) "$$helpdir"; fi; \
	  if ! test -d "$$helpdir"; then $(mkinstalldirs) "$$helpdir"; fi; \
	  if test "x$(_HELP_V)" = "x0"; then echo "  GEN    $${po}"; fi; \
	  if test -d "$$lc"; \
	  if test -f "$$f"; then d=; else d="$(srcdir)/"; fi; \
	  if test -f "$$lc/$$f"; then d=; else d="$(srcdir)/"; fi; \
	  lc=`dirname "$$f"`; lc=`basename "$$lc"`; \
	  lc=`dirname "$$f"`; lc=`basename "$$lc"`; \
	  msgmerge -q -o "$${po}" "$${po}" "$(_HELP_POTFILE)"; \
	  rm -f "$$helpdir`basename $$f`"; \
	  rm -f "$$helpdir`basename $$f`"; \
	$(AM_V_GEN) $(GLIB_COMPILE_SCHEMAS) --strict --dry-run $(addprefix --schema-file=,$(filter-out $<,$^)) --schema-file=$< && mkdir -p $(@D) && touch $@
	$(AM_V_GEN) glib-mkenums --comments '\''<!-- @comment@ -->'\'' --fhead "<schemalist>" --vhead "  <@type@ id='\''$(gsettings_ENUM_NAMESPACE).@EnumName@'\''>" --vprod "    <value nick='\''@valuenick@'\'' value='\''@valuenum@'\''/>" --vtail "  </@type@>" --ftail "</schemalist>" $^ > $@.tmp && mv $@.tmp $@
	$(AM_V_GEN) glib-mkenums --comments '\''<!-- @comment@ -->'\'' --fhead "<schemalist>" --vhead "  <@type@ id='\''$(patsubst %.enums.xml,%,$(notdir $@)).@EnumName@'\''>" --vprod "    <value nick='\''@valuenick@'\'' value='\''@valuenum@'\''/>" --vtail "  </@type@>" --ftail "</schemalist>" $^ > $@.tmp && mv $@.tmp $@
	$(AM_V_GEN)if ! test -f "$@"; then \
	$(AM_V_GEN)if test -d "C"; then d=; else d="$(srcdir)/"; fi; \
	$(AM_V_GEN)msgfmt -o "$@" "$<"
	$(AM_V_at)for po in $(_HELP_POFILES); do \
	$(AM_V_at)if ! test -d "$(dir $@)"; then mkdir "$(dir $@)"; fi
	$(AM_V_at)if ! test -d "$(dir $@)"; then mkdir "$(dir $@)"; fi
	$(AM_V_at)if ! test -d "$(dir $@)"; then mkdir "$(dir $@)"; fi
	$(AM_V_at)if test ! -f "$@" -a -f "$(srcdir)/$@"; then cp "$(srcdir)/$@" "$@"; fi
	$(ITSTOOL) -o "$@" $(foreach f,$(_HELP_C_FILES),"$${d}$(f)")
	$(_HELP_LC_VERBOSE)if test -d "C"; then d="../"; else d="$(abs_srcdir)/"; fi; \
	(cd "$(dir $@)" && $(ITSTOOL) -m "$${mo}" $(foreach f,$(_HELP_C_FILES),$${d}/$(f))) && \
	@$(NORMAL_INSTALL)
	@$(NORMAL_UNINSTALL)
	@for f in $(HELP_MEDIA); do \
	@for f in $(HELP_MEDIA); do \
	@for f in $(_HELP_C_EXTRA); do \
	@for f in $(_HELP_C_EXTRA); do \
	@for lc in C $(_HELP_LINGUAS); do \
	@for lc in C $(_HELP_LINGUAS); do for f in $(HELP_FILES); do \
	@for lc in C $(if $(YELP_LC_DIST),$(HELP_LINGUAS)) ; do \
	@list='\''$(gsettings_SCHEMAS) $(gsettings__enum_file) $(gsettings_ENUMS)'\''; test -n "$(gsettingsschemadir)" || list=; \
	cd "$(DESTDIR)$(gsettingsschemadir)" && rm -f $$files
	done
	done
	done
	done
	done
	done
	done;
	done; \
	done; done
	done; done
	echo " ( cd '\''$(DESTDIR)$(gsettingsschemadir)'\'' && rm -f" $$files ")"; \
	else \
	fi
	fi
	files=`for p in $$list; do echo $$p; done | sed -e '\''s|^.*/||'\''`; \
	for lc in C $(_HELP_LINGUAS); do \
	for lc in C $(_HELP_LINGUAS); do for f in $(HELP_FILES); do \
	if test -f "$${mo}"; then mo="../$${mo}"; else mo="$(abs_srcdir)/$${mo}"; fi; \
	if test -n "$^"; then \
	mo="$(dir $@)$(patsubst %/$(notdir $@),%,$@).mo"; \
	rm -f $(_HELP_LC_FILES) $(_HELP_LC_STAMPS) $(_HELP_MOFILES)
	rm -f $(gsettings_SCHEMAS:.xml=.valid) $(gsettings__enum_file) $(gsettings_ENUMS)
	test -n "$$files" || exit 0; \
	test -n "$(GSETTINGS_DISABLE_SCHEMAS_COMPILE)$(DESTDIR)" || $(GLIB_COMPILE_SCHEMAS) $(gsettingsschemadir)
	touch "$@"
$(_HELP_LC_FILES): $(_HELP_LINGUAS)
$(_HELP_LC_STAMPS): $(_HELP_C_FILES) $(_HELP_C_EXTRA)
$(_HELP_LC_STAMPS): %.stamp: %.mo
$(_HELP_LINGUAS): $(_HELP_LC_STAMPS)
$(_HELP_MOFILES): %.mo: %.po
$(_HELP_POFILES):
$(_HELP_POTFILE): $(_HELP_C_FILES) $(_HELP_C_EXTRA) $(_HELP_C_MEDIA)
$(gsettings_ENUMS):
$(gsettings__enum_file): $(gsettings_ENUM_FILES)
$(patsubst %.enums.xml,%.gschema.valid,$(gsettings_ENUMS)): %.gschema.valid: %.enums.xml
%.gschema.valid: %.gschema.xml $(gsettings__enum_file)
'
.PHONY : uninstall-gsettings-schemas install-gsettings-schemas clean-gsettings-schemas
.PHONY: check-help
.PHONY: clean-help
.PHONY: install-help
.PHONY: pot
.PHONY: repo
.PHONY: uninstall-help
.SECONDARY: $(gsettings_SCHEMAS)
ACLOCAL='${SHELL} /home/suraj/Downloads/sourceCode/gedit-3.30.0/missing aclocal-1.16'
ACTIVE_PLUGINS=''\''docinfo'\'', '\''modelines'\'', '\''filebrowser'\'', '\''spell'\'', '\''time'\'''
ALL_LINGUAS=''
AMDEPBACKSLASH='\'
AMDEP_FALSE='#'
AMDEP_TRUE=''
AMTAR='$${TAR-tar}'
AM_BACKSLASH='\'
AM_DEFAULT_V='$(AM_DEFAULT_VERBOSITY)'
AM_DEFAULT_VERBOSITY='0'
AM_V='$(V)'
AR='ar'
AUTOCONF='${SHELL} /home/suraj/Downloads/sourceCode/gedit-3.30.0/missing autoconf'
AUTOHEADER='${SHELL} /home/suraj/Downloads/sourceCode/gedit-3.30.0/missing autoheader'
AUTOMAKE='${SHELL} /home/suraj/Downloads/sourceCode/gedit-3.30.0/missing automake-1.16'
AWK='mawk'
CC='gcc'
CCDEPMODE='depmode=gcc3'
CFLAGS='-g -O2'
CPP='gcc -E'
CPPFLAGS=''
CYGPATH_W='echo'
DEFS='-DHAVE_CONFIG_H'
DEPDIR='.deps'
DISABLE_DEPRECATED_CFLAGS=''
DLLTOOL='false'
DSYMUTIL=''
DUMPBIN=''
ECHO_C=''
ECHO_N='-n'
ECHO_T=''
EGREP='/usr/bin/grep -E'
ENABLE_GTK_DOC_FALSE=''
ENABLE_GTK_DOC_TRUE='#'
ENABLE_PYTHON_FALSE=''
ENABLE_PYTHON_TRUE='#'
ENABLE_SPELL_FALSE=''
ENABLE_SPELL_TRUE='#'
ENABLE_UPDATER_FALSE=''
ENABLE_UPDATER_TRUE='#'
ENABLE_USER_HELP_FALSE='#'
ENABLE_USER_HELP_TRUE=''
ENABLE_VAPIGEN_FALSE=''
ENABLE_VAPIGEN_TRUE='#'
EXEEXT=''
EXTRA_DIST += $(_HELP_C_EXTRA) $(_HELP_C_MEDIA)
EXTRA_DIST += $(foreach f,$(HELP_MEDIA),$(foreach lc,$(HELP_LINGUAS),$(wildcard $(lc)/$(f))))
EXTRA_DIST += $(foreach lc,$(HELP_LINGUAS),$(lc)/$(lc).po)
EXTRA_DIST += $(if $(YELP_LC_DIST),$(foreach lc,$(HELP_LINGUAS),$(lc)/$(lc).stamp))
EXTRA_DIST ?=
FGREP='/usr/bin/grep -F'
FULL_LIBEXECDIR='/usr/local/libexec'
GDK_WINDOWING_X11_FALSE='#'
GDK_WINDOWING_X11_TRUE=''
GEDIT_API_VERSION='3.14'
GEDIT_CFLAGS='-I/usr/include/libxml2 -I/usr/include/glib-2.0 -I/usr/lib/x86_64-linux-gnu/glib-2.0/include -I/usr/include/libmount -I/usr/include/blkid -I/usr/include/gtk-3.0 -I/usr/include/pango-1.0 -I/usr/include/harfbuzz -I/usr/include/freetype2 -I/usr/include/libpng16 -I/usr/include/fribidi -I/usr/include/cairo -I/usr/include/pixman-1 -I/usr/include/gdk-pixbuf-2.0 -I/usr/include/x86_64-linux-gnu -I/usr/include/webp -I/usr/include/gio-unix-2.0 -I/usr/include/atk-1.0 -I/usr/include/at-spi2-atk/2.0 -I/usr/include/at-spi-2.0 -I/usr/include/dbus-1.0 -I/usr/lib/x86_64-linux-gnu/dbus-1.0/include -I/usr/include/gtksourceview-3.0 -I/usr/include/libpeas-1.0 -I/usr/include/gobject-introspection-1.0 -pthread -I/usr/include/gsettings-desktop-schemas  '
GEDIT_IMPLIB=''
GEDIT_LIBS='-lxml2 -lglib-2.0 -lgtksourceview-3.0 -lglib-2.0 -lpeas-gtk-1.0 -lgtk-3 -lgdk-3 -lz -lpangocairo-1.0 -lpango-1.0 -lharfbuzz -latk-1.0 -lcairo-gobject -lcairo -lgdk_pixbuf-2.0 -lpeas-1.0 -Wl,--export-dynamic -lgmodule-2.0 -pthread -lglib-2.0 -lgio-2.0 -lgirepository-1.0 -lgobject-2.0 -lglib-2.0  -lX11 '
GEDIT_MAJOR_VERSION='3'
GEDIT_MICRO_VERSION='0'
GEDIT_MINOR_VERSION='30'
GEDIT_PLUGINS_DATA_DIR='${datarootdir}/gedit/plugins'
GEDIT_PLUGINS_LIBS_DIR='${exec_prefix}/lib/gedit/plugins'
GETTEXT_MACRO_VERSION='0.18'
GETTEXT_PACKAGE='gedit'
GLIB_COMPILE_RESOURCES='/usr/bin/glib-compile-resources'
GLIB_COMPILE_SCHEMAS='/usr/lib/x86_64-linux-gnu/glib-2.0/glib-compile-schemas'
GLIB_MKENUMS='/usr/bin/glib-mkenums'
GMSGFMT='/usr/bin/msgfmt'
GMSGFMT_015='/usr/bin/msgfmt'
GREP='/usr/bin/grep'
GSETTINGS_DISABLE_SCHEMAS_COMPILE=''
GSETTINGS_RULES='
GSPELL_CFLAGS=''
GSPELL_LIBS=''
GTKDOC_CHECK=''
GTKDOC_CHECK_PATH=''
GTKDOC_DEPS_CFLAGS='-I/usr/include/glib-2.0 -I/usr/lib/x86_64-linux-gnu/glib-2.0/include '
GTKDOC_DEPS_LIBS='-lgobject-2.0 -lglib-2.0 '
GTKDOC_MKPDF=''
GTKDOC_REBASE='true'
GTK_DOC_BUILD_HTML_FALSE='#'
GTK_DOC_BUILD_HTML_TRUE=''
GTK_DOC_BUILD_PDF_FALSE=''
GTK_DOC_BUILD_PDF_TRUE='#'
GTK_DOC_USE_LIBTOOL_FALSE='#'
GTK_DOC_USE_LIBTOOL_TRUE=''
GTK_DOC_USE_REBASE_FALSE='#'
GTK_DOC_USE_REBASE_TRUE=''
GTK_MAC_CFLAGS=''
GTK_MAC_LIBS=''
HAVE_GTK_DOC_FALSE=''
HAVE_GTK_DOC_TRUE='#'
HAVE_INTROSPECTION_FALSE='#'
HAVE_INTROSPECTION_TRUE=''
HELP_DIR='${datadir}/help'
HELP_EXTRA ?=
HELP_FILES ?=
HELP_ID ?=
HELP_LINGUAS ?=
HELP_MEDIA ?=
HELP_POT ?=
HTML_DIR='${datadir}/gtk-doc/html'
INSTALL_DATA='${INSTALL} -m 644'
INSTALL_PROGRAM='${INSTALL}'
INSTALL_SCRIPT='${INSTALL}'
INSTALL_STRIP_PROGRAM='$(install_sh) -c -s'
INTLLIBS=''
INTLTOOL_CAVES_RULE='%.caves:     %.caves.in     $(INTLTOOL_MERGE) $(wildcard $(top_srcdir)/po/*.po) ; $(INTLTOOL_V_MERGE)LC_ALL=C $(INTLTOOL_MERGE) $(INTLTOOL_V_MERGE_OPTIONS) -d -u -c $(top_builddir)/po/.intltool-merge-cache $(top_srcdir)/po $< $@'
INTLTOOL_DESKTOP_RULE='%.desktop:   %.desktop.in   $(INTLTOOL_MERGE) $(wildcard $(top_srcdir)/po/*.po) ; $(INTLTOOL_V_MERGE)LC_ALL=C $(INTLTOOL_MERGE) $(INTLTOOL_V_MERGE_OPTIONS) -d -u -c $(top_builddir)/po/.intltool-merge-cache $(top_srcdir)/po $< $@'
INTLTOOL_DIRECTORY_RULE='%.directory: %.directory.in $(INTLTOOL_MERGE) $(wildcard $(top_srcdir)/po/*.po) ; $(INTLTOOL_V_MERGE)LC_ALL=C $(INTLTOOL_MERGE) $(INTLTOOL_V_MERGE_OPTIONS) -d -u -c $(top_builddir)/po/.intltool-merge-cache $(top_srcdir)/po $< $@'
INTLTOOL_EXTRACT='/usr/bin/intltool-extract'
INTLTOOL_KBD_RULE='%.kbd:       %.kbd.in       $(INTLTOOL_MERGE) $(wildcard $(top_srcdir)/po/*.po) ; $(INTLTOOL_V_MERGE)LC_ALL=C $(INTLTOOL_MERGE) $(INTLTOOL_V_MERGE_OPTIONS) -x -u -m -c $(top_builddir)/po/.intltool-merge-cache $(top_srcdir)/po $< $@'
INTLTOOL_KEYS_RULE='%.keys:      %.keys.in      $(INTLTOOL_MERGE) $(wildcard $(top_srcdir)/po/*.po) ; $(INTLTOOL_V_MERGE)LC_ALL=C $(INTLTOOL_MERGE) $(INTLTOOL_V_MERGE_OPTIONS) -k -u -c $(top_builddir)/po/.intltool-merge-cache $(top_srcdir)/po $< $@'
INTLTOOL_MERGE='/usr/bin/intltool-merge'
INTLTOOL_OAF_RULE='%.oaf:       %.oaf.in       $(INTLTOOL_MERGE) $(wildcard $(top_srcdir)/po/*.po) ; $(INTLTOOL_V_MERGE)LC_ALL=C $(INTLTOOL_MERGE) $(INTLTOOL_V_MERGE_OPTIONS) -o -p $(top_srcdir)/po $< $@'
INTLTOOL_PERL='/usr/bin/perl'
INTLTOOL_POLICY_RULE='%.policy:    %.policy.in    $(INTLTOOL_MERGE) $(wildcard $(top_srcdir)/po/*.po) ; $(INTLTOOL_V_MERGE)LC_ALL=C $(INTLTOOL_MERGE) $(INTLTOOL_V_MERGE_OPTIONS) -x -u -c $(top_builddir)/po/.intltool-merge-cache $(top_srcdir)/po $< $@'
INTLTOOL_PONG_RULE='%.pong:      %.pong.in      $(INTLTOOL_MERGE) $(wildcard $(top_srcdir)/po/*.po) ; $(INTLTOOL_V_MERGE)LC_ALL=C $(INTLTOOL_MERGE) $(INTLTOOL_V_MERGE_OPTIONS) -x -u -c $(top_builddir)/po/.intltool-merge-cache $(top_srcdir)/po $< $@'
INTLTOOL_PROP_RULE='%.prop:      %.prop.in      $(INTLTOOL_MERGE) $(wildcard $(top_srcdir)/po/*.po) ; $(INTLTOOL_V_MERGE)LC_ALL=C $(INTLTOOL_MERGE) $(INTLTOOL_V_MERGE_OPTIONS) -d -u -c $(top_builddir)/po/.intltool-merge-cache $(top_srcdir)/po $< $@'
INTLTOOL_SCHEMAS_RULE='%.schemas:   %.schemas.in   $(INTLTOOL_MERGE) $(wildcard $(top_srcdir)/po/*.po) ; $(INTLTOOL_V_MERGE)LC_ALL=C $(INTLTOOL_MERGE) $(INTLTOOL_V_MERGE_OPTIONS) -s -u -c $(top_builddir)/po/.intltool-merge-cache $(top_srcdir)/po $< $@'
INTLTOOL_SERVER_RULE='%.server:    %.server.in    $(INTLTOOL_MERGE) $(wildcard $(top_srcdir)/po/*.po) ; $(INTLTOOL_V_MERGE)LC_ALL=C $(INTLTOOL_MERGE) $(INTLTOOL_V_MERGE_OPTIONS) -o -u -c $(top_builddir)/po/.intltool-merge-cache $(top_srcdir)/po $< $@'
INTLTOOL_SERVICE_RULE='%.service: %.service.in   $(INTLTOOL_MERGE) $(wildcard $(top_srcdir)/po/*.po) ; $(INTLTOOL_V_MERGE)LC_ALL=C $(INTLTOOL_MERGE) $(INTLTOOL_V_MERGE_OPTIONS) -d -u -c $(top_builddir)/po/.intltool-merge-cache $(top_srcdir)/po $< $@'
INTLTOOL_SHEET_RULE='%.sheet:     %.sheet.in     $(INTLTOOL_MERGE) $(wildcard $(top_srcdir)/po/*.po) ; $(INTLTOOL_V_MERGE)LC_ALL=C $(INTLTOOL_MERGE) $(INTLTOOL_V_MERGE_OPTIONS) -x -u -c $(top_builddir)/po/.intltool-merge-cache $(top_srcdir)/po $< $@'
INTLTOOL_SOUNDLIST_RULE='%.soundlist: %.soundlist.in $(INTLTOOL_MERGE) $(wildcard $(top_srcdir)/po/*.po) ; $(INTLTOOL_V_MERGE)LC_ALL=C $(INTLTOOL_MERGE) $(INTLTOOL_V_MERGE_OPTIONS) -d -u -c $(top_builddir)/po/.intltool-merge-cache $(top_srcdir)/po $< $@'
INTLTOOL_THEME_RULE='%.theme:     %.theme.in     $(INTLTOOL_MERGE) $(wildcard $(top_srcdir)/po/*.po) ; $(INTLTOOL_V_MERGE)LC_ALL=C $(INTLTOOL_MERGE) $(INTLTOOL_V_MERGE_OPTIONS) -d -u -c $(top_builddir)/po/.intltool-merge-cache $(top_srcdir)/po $< $@'
INTLTOOL_UI_RULE='%.ui:        %.ui.in        $(INTLTOOL_MERGE) $(wildcard $(top_srcdir)/po/*.po) ; $(INTLTOOL_V_MERGE)LC_ALL=C $(INTLTOOL_MERGE) $(INTLTOOL_V_MERGE_OPTIONS) -x -u -c $(top_builddir)/po/.intltool-merge-cache $(top_srcdir)/po $< $@'
INTLTOOL_UPDATE='/usr/bin/intltool-update'
INTLTOOL_V_MERGE='$(INTLTOOL__v_MERGE_$(V))'
INTLTOOL_V_MERGE_OPTIONS='$(intltool__v_merge_options_$(V))'
INTLTOOL_XAM_RULE='%.xam:       %.xml.in       $(INTLTOOL_MERGE) $(wildcard $(top_srcdir)/po/*.po) ; $(INTLTOOL_V_MERGE)LC_ALL=C $(INTLTOOL_MERGE) $(INTLTOOL_V_MERGE_OPTIONS) -x -u -c $(top_builddir)/po/.intltool-merge-cache $(top_srcdir)/po $< $@'
INTLTOOL_XML_NOMERGE_RULE='%.xml:       %.xml.in       $(INTLTOOL_MERGE) ; $(INTLTOOL_V_MERGE)LC_ALL=C $(INTLTOOL_MERGE) $(INTLTOOL_V_MERGE_OPTIONS) -x -u --no-translations $< $@'
INTLTOOL_XML_RULE='%.xml:       %.xml.in       $(INTLTOOL_MERGE) $(wildcard $(top_srcdir)/po/*.po) ; $(INTLTOOL_V_MERGE)LC_ALL=C $(INTLTOOL_MERGE) $(INTLTOOL_V_MERGE_OPTIONS) -x -u -c $(top_builddir)/po/.intltool-merge-cache $(top_srcdir)/po $< $@'
INTLTOOL__v_MERGE_0='@echo "  ITMRG " $@;'
INTLTOOL__v_MERGE_='$(INTLTOOL__v_MERGE_$(AM_DEFAULT_VERBOSITY))'
INTL_MACOSX_LIBS=''
INTROSPECTION_CFLAGS='-I/usr/include/gobject-introspection-1.0 -I/usr/include/glib-2.0 -I/usr/lib/x86_64-linux-gnu/glib-2.0/include '
INTROSPECTION_COMPILER='/usr/bin/x86_64-linux-gnu-g-ir-compiler'
INTROSPECTION_GENERATE='/usr/bin/x86_64-linux-gnu-g-ir-generate'
INTROSPECTION_GIRDIR='/usr/share/gir-1.0'
INTROSPECTION_LIBS='-lgirepository-1.0 -lgobject-2.0 -lglib-2.0 '
INTROSPECTION_MAKEFILE='/usr/share/gobject-introspection-1.0/Makefile.introspection'
INTROSPECTION_SCANNER='/usr/bin/x86_64-linux-gnu-g-ir-scanner'
INTROSPECTION_TYPELIBDIR='/usr/lib/x86_64-linux-gnu/girepository-1.0'
ITSTOOL='itstool'
LD='/usr/bin/ld -m elf_x86_64'
LDFLAGS=''
LIBGD_CFLAGS='-I/usr/include/gtk-3.0 -I/usr/include/pango-1.0 -I/usr/include/glib-2.0 -I/usr/lib/x86_64-linux-gnu/glib-2.0/include -I/usr/include/harfbuzz -I/usr/include/freetype2 -I/usr/include/libpng16 -I/usr/include/libmount -I/usr/include/blkid -I/usr/include/fribidi -I/usr/include/cairo -I/usr/include/pixman-1 -I/usr/include/gdk-pixbuf-2.0 -I/usr/include/x86_64-linux-gnu -I/usr/include/webp -I/usr/include/gio-unix-2.0 -I/usr/include/atk-1.0 -I/usr/include/at-spi2-atk/2.0 -I/usr/include/at-spi-2.0 -I/usr/include/dbus-1.0 -I/usr/lib/x86_64-linux-gnu/dbus-1.0/include -pthread '
LIBGD_GIR_FALSE=''
LIBGD_GIR_INCLUDES='Gtk-3.0'
LIBGD_GIR_TRUE='#'
LIBGD_GTK_HACKS_FALSE=''
LIBGD_GTK_HACKS_TRUE='#'
LIBGD_HEADER_BAR_FALSE=''
LIBGD_HEADER_BAR_TRUE='#'
LIBGD_LIBS='-lgtk-3 -lgdk-3 -lz -lpangocairo-1.0 -lpango-1.0 -lharfbuzz -latk-1.0 -lcairo-gobject -lcairo -lgdk_pixbuf-2.0 -lgio-2.0 -lgobject-2.0 -lglib-2.0 '
LIBGD_MAIN_ICON_VIEW_FALSE=''
LIBGD_MAIN_ICON_VIEW_TRUE='#'
LIBGD_MAIN_LIST_VIEW_FALSE=''
LIBGD_MAIN_LIST_VIEW_TRUE='#'
LIBGD_MAIN_TOOLBAR_FALSE=''
LIBGD_MAIN_TOOLBAR_TRUE='#'
LIBGD_MAIN_VIEW_FALSE=''
LIBGD_MAIN_VIEW_TRUE='#'
LIBGD_MARGIN_CONTAINER_FALSE=''
LIBGD_MARGIN_CONTAINER_TRUE='#'
LIBGD_MODULE_DIR='libgd'
LIBGD_NOTIFICATION_FALSE=''
LIBGD_NOTIFICATION_TRUE='#'
LIBGD_REVEALER_FALSE=''
LIBGD_REVEALER_TRUE='#'
LIBGD_SOURCES=''
LIBGD_STACK_FALSE=''
LIBGD_STACK_TRUE='#'
LIBGD_STATIC_FALSE='#'
LIBGD_STATIC_TRUE=''
LIBGD_TAGGED_ENTRY_FALSE='#'
LIBGD_TAGGED_ENTRY_TRUE=''
LIBGD_VAPI_FALSE=''
LIBGD_VAPI_TRUE='#'
LIBGD__HEADER_BUTTON_FALSE=''
LIBGD__HEADER_BUTTON_TRUE='#'
LIBGD__VIEW_COMMON_FALSE=''
LIBGD__VIEW_COMMON_TRUE='#'
LIBICONV='-liconv'
LIBINTL=''
LIBM='-lm'
LIBOBJS=''
LIBS=''
LIBSOUP_CFLAGS=''
LIBSOUP_LIBS=''
LIBTOOL='$(SHELL) $(top_builddir)/libtool'
LIPO=''
LN_S='ln -s'
LTLIBICONV='-liconv'
LTLIBINTL=''
LTLIBOBJS=''
LT_SYS_LIBRARY_PATH=''
MAINT=''
MAINTAINER_MODE_FALSE='#'
MAINTAINER_MODE_TRUE=''
MAKEINFO='${SHELL} /home/suraj/Downloads/sourceCode/gedit-3.30.0/missing makeinfo'
MANIFEST_TOOL=':'
MKDIR_P='/usr/bin/mkdir -p'
MSGFMT='/usr/bin/msgfmt'
MSGFMT_015='/usr/bin/msgfmt'
MSGMERGE='/usr/bin/msgmerge'
NM='/usr/bin/nm -B'
NMEDIT=''
OBJC='gcc'
OBJCDEPMODE='depmode=gcc3'
OBJCFLAGS=''
OBJDUMP='objdump'
OBJEXT='o'
OS_DEPENDENT_RESOURCE_FILES='<file preprocess="xml-stripblanks">gtk/menus-traditional.ui</file>'
OS_OSX_FALSE=''
OS_OSX_TRUE='#'
OS_WIN32_FALSE=''
OS_WIN32_TRUE='#'
OTOOL64=''
OTOOL=''
PACKAGE='gedit'
PACKAGE_BUGREPORT='https://wiki.gnome.org/Apps/Gedit/ReportingBugs'
PACKAGE_NAME='gedit'
PACKAGE_STRING='gedit 3.30.0'
PACKAGE_TARNAME='gedit'
PACKAGE_URL='https://wiki.gnome.org/Apps/Gedit'
PACKAGE_VERSION='3.30.0'
PATH_SEPARATOR=':'
PKG_CONFIG='/usr/bin/pkg-config'
PKG_CONFIG_LIBDIR=''
PKG_CONFIG_PATH='/usr/share/pkgconfig:'
PLATFORM_OSX_FALSE=''
PLATFORM_OSX_TRUE='#'
PLATFORM_WIN32_FALSE=''
PLATFORM_WIN32_TRUE='#'
PLUGIN_LIBTOOL_FLAGS='-module -avoid-version'
POSUB='po'
PYTHON=''
PYTHON_CFLAGS=''
PYTHON_EXEC_PREFIX=''
PYTHON_LIBS=''
PYTHON_PLATFORM=''
PYTHON_PREFIX=''
PYTHON_VERSION=''
RANLIB='ranlib'
SED='/usr/bin/sed'
SET_MAKE=''
SHELL='/bin/bash'
STRIP='strip'
USE_NLS='yes'
VAPIGEN=''
VAPIGEN_MAKEFILE=''
VAPIGEN_VAPIDIR=''
VERSION='3.30.0'
WARN_CFLAGS=' -Wall -Wstrict-prototypes -Wnested-externs -Werror=missing-prototypes -Werror=implicit-function-declaration -Werror=pointer-arith -Werror=init-self -Werror=format-security -Werror=format=2 -Werror=missing-include-dirs -Werror=return-type '
WINDRES=''
X11_CFLAGS=''
X11_LIBS='-lX11 '
XGETTEXT='/usr/bin/xgettext'
XGETTEXT_015='/usr/bin/xgettext'
XGETTEXT_EXTRA_OPTIONS=''
XMLLINT='xmllint'
YELP_HELP_RULES='
YELP_LC_DIST='true'
YELP_LC_MEDIA_LINKS='true'
_HELP_C_EXTRA = $(foreach f,$(HELP_EXTRA),C/$(f))
_HELP_C_FILES = $(foreach f,$(HELP_FILES),C/$(f))
_HELP_C_MEDIA = $(foreach f,$(HELP_MEDIA),C/$(f))
_HELP_DEFAULT_V = $(if $(AM_DEFAULT_VERBOSITY),$(AM_DEFAULT_VERBOSITY),1)
_HELP_LC_FILES = $(foreach lc,$(_HELP_LINGUAS),$(foreach f,$(HELP_FILES),$(lc)/$(f)))
_HELP_LC_STAMPS = $(foreach lc,$(_HELP_LINGUAS),$(lc)/$(lc).stamp)
_HELP_LC_VERBOSE = $(_HELP_LC_VERBOSE_$(_HELP_V))
_HELP_LC_VERBOSE_ = $(_HELP_LC_VERBOSE_$(_HELP_DEFAULT_V))
_HELP_LC_VERBOSE_0 = @echo "  GEN    "$(dir $@);
_HELP_LINGUAS = $(if $(filter environment,$(origin LINGUAS)),$(filter $(LINGUAS),$(HELP_LINGUAS)),$(HELP_LINGUAS))
_HELP_MOFILES = $(patsubst %.po,%.mo,$(_HELP_POFILES))
_HELP_POFILES = $(if $(HELP_ID),$(foreach lc,$(_HELP_LINGUAS),$(lc)/$(lc).po))
_HELP_POTFILE = $(if $(HELP_POT),$(HELP_POT),$(if $(HELP_ID),$(HELP_ID).pot))
_HELP_V = $(if $(V),$(V),$(_HELP_DEFAULT_V))
ac_ct_AR='ar'
ac_ct_CC='gcc'
ac_ct_DUMPBIN=''
ac_ct_OBJC='gcc'
all-am: $(gsettings_SCHEMAS:.xml=.valid)
all: $(_HELP_C_FILES) $(_HELP_C_EXTRA) $(_HELP_C_MEDIA) $(_HELP_LC_FILES) $(_HELP_POFILES)
am__EXEEXT_FALSE=''
am__EXEEXT_TRUE='#'
am__fastdepCC_FALSE='#'
am__fastdepCC_TRUE=''
am__fastdepOBJC_FALSE='#'
am__fastdepOBJC_TRUE=''
am__include='include'
am__isrc=''
am__leading_dot='.'
am__nodep='_no'
am__quote=''
am__tar='tar --format=ustar -chf - "$$tardir"'
am__untar='tar -xf -'
bindir='${exec_prefix}/bin'
build='x86_64-pc-linux-gnu'
build_alias=''
build_cpu='x86_64'
build_os='linux-gnu'
build_vendor='pc'
check-help:
check: check-help
clean-gsettings-schemas:
clean-help:
datadir='${datarootdir}'
datarootdir='${prefix}/share'
distdir-help-files: $(_HELP_LC_FILES)
distdir: distdir-help-files
docdir='${datarootdir}/doc/${PACKAGE_TARNAME}'
dvidir='${docdir}'
endif
endif
endif'
exec_prefix='${prefix}'
gsettings__enum_file = $(addsuffix .enums.xml,$(gsettings_ENUM_NAMESPACE))
gsettingsschemadir='${datarootdir}/glib-2.0/schemas'
host='x86_64-pc-linux-gnu'
host_alias=''
host_cpu='x86_64'
host_os='linux-gnu'
host_vendor='pc'
htmldir='${docdir}'
ifdef gsettings_ENUMS
ifdef gsettings_ENUMS
ifdef gsettings_ENUM_NAMESPACE
includedir='${prefix}/include'
infodir='${datarootdir}/info'
install-data-am: $(if $(HELP_ID),install-help)
install-data-am: install-gsettings-schemas
install-gsettings-schemas: $(gsettings_SCHEMAS) $(gsettings__enum_file) $(gsettings_ENUMS)
install-help: $(_HELP_LC_FILES)
install_sh='${SHELL} /home/suraj/Downloads/sourceCode/gedit-3.30.0/install-sh'
intltool__v_merge_options_0='-q'
intltool__v_merge_options_='$(intltool__v_merge_options_$(AM_DEFAULT_VERBOSITY))'
libdir='${exec_prefix}/lib'
libexecdir='${exec_prefix}/libexec'
localedir='${datarootdir}/locale'
localstatedir='${prefix}/var'
mandir='${datarootdir}/man'
mkdir_p='/usr/bin/mkdir -p'
mostlyclean-am: $(if $(HELP_ID),clean-help)
mostlyclean-am: clean-gsettings-schemas
oldincludedir='/usr/include'
pdfdir='${docdir}'
pkgpyexecdir=''
pkgpythondir=''
pot: $(_HELP_POTFILE)
prefix='/usr/local'
program_transform_name='s,x,x,'
psdir='${docdir}'
pyexecdir=''
pyoverridesdir=''
pythondir=''
repo: $(_HELP_POTFILE)
runstatedir='${localstatedir}/run'
sbindir='${exec_prefix}/sbin'
sharedstatedir='${prefix}/com'
sysconfdir='${prefix}/etc'
target_alias=''
uninstall-am: $(if $(HELP_ID),uninstall-help)
uninstall-am: uninstall-gsettings-schemas
uninstall-gsettings-schemas:
uninstall-help:

## ----------- ##
## confdefs.h. ##
## ----------- ##

/* confdefs.h */
#define PACKAGE_NAME "gedit"
#define PACKAGE_TARNAME "gedit"
#define PACKAGE_VERSION "3.30.0"
#define PACKAGE_STRING "gedit 3.30.0"
#define PACKAGE_BUGREPORT "https://wiki.gnome.org/Apps/Gedit/ReportingBugs"
#define PACKAGE_URL "https://wiki.gnome.org/Apps/Gedit"
#define GEDIT_MAJOR_VERSION 3
#define GEDIT_MINOR_VERSION 30
#define GEDIT_MICRO_VERSION 0
#define PACKAGE "gedit"
#define VERSION "3.30.0"
#define STDC_HEADERS 1
#define HAVE_SYS_TYPES_H 1
#define HAVE_SYS_STAT_H 1
#define HAVE_STDLIB_H 1
#define HAVE_STRING_H 1
#define HAVE_MEMORY_H 1
#define HAVE_STRINGS_H 1
#define HAVE_INTTYPES_H 1
#define HAVE_STDINT_H 1
#define HAVE_UNISTD_H 1
#define HAVE_DLFCN_H 1
#define LT_OBJDIR ".libs/"
#define ENABLE_NLS 1
#define HAVE_GETTEXT 1
#define HAVE_DCGETTEXT 1
#define GETTEXT_PACKAGE "gedit"
#define ENABLE_GVFS_METADATA 1
#define ENABLE_INTROSPECTION 1
#define LIBGD_TAGGED_ENTRY 1

configure: exit 0
